суббота,  7 декабря 2024 г. 02:10:29 (+05): Brewfile обновлён.
суббота,  7 декабря 2024 г. 02:10:29 (+05): Обнаружены изменения. Начинаем обработку...
суббота,  7 декабря 2024 г. 02:10:31 (+05): Изменения и логи успешно отправлены.
суббота,  7 декабря 2024 г. 02:10:50 (+05): Brewfile обновлён.
суббота,  7 декабря 2024 г. 02:10:50 (+05): Изменений нет. Логи остаются локально.
Sat Dec  7 02:13:17 +05 2024: Brewfile обновлён.
Sat Dec  7 02:13:17 +05 2024: Изменений нет. Логи остаются локально.
Fri Dec 13 10:49:58 +05 2024: Brewfile обновлён.
Fri Dec 13 10:49:59 +05 2024: Изменений нет. Логи остаются локально.
Mon Dec 16 10:07:14 +05 2024: Brewfile обновлён.
Mon Dec 16 10:07:14 +05 2024: Изменений нет. Логи остаются локально.
Fri Dec 27 21:55:46 +05 2024: Brewfile обновлён.
Fri Dec 27 21:55:47 +05 2024: Изменений нет. Логи остаются локально.
Sat Dec 28 11:03:14 +05 2024: Brewfile обновлён.
Sat Dec 28 11:03:14 +05 2024: Изменений нет. Логи остаются локально.
Tue Dec 31 16:14:43 +05 2024: Brewfile обновлён.
Tue Dec 31 16:14:43 +05 2024: Обнаружены изменения. Начинаем обработку...
Tue Dec 31 16:14:46 +05 2024: Изменения и логи успешно отправлены.
Wed Jan  1 17:14:29 +05 2025: Brewfile обновлён.
Wed Jan  1 17:14:29 +05 2025: Изменений нет. Логи остаются локально.
Mon Jan  6 05:47:23 +05 2025: Brewfile обновлён.
Mon Jan  6 05:47:23 +05 2025: Изменений нет. Логи остаются локально.
Mon Jan  6 06:38:20 +05 2025: Brewfile обновлён.
Mon Jan  6 06:38:20 +05 2025: Изменений нет. Логи остаются локально.
Mon Jan  6 17:54:30 +05 2025: Brewfile обновлён.
Mon Jan  6 17:54:30 +05 2025: Изменений нет. Логи остаются локально.
Fri Jan 10 00:15:19 +05 2025: Brewfile обновлён.
Fri Jan 10 00:15:19 +05 2025: Изменений нет. Логи остаются локально.
Tue Jan 14 12:31:01 +05 2025: Brewfile обновлён.
Tue Jan 14 12:31:01 +05 2025: Изменений нет. Логи остаются локально.
Thu Jan 16 15:14:51 +05 2025: Brewfile обновлён.
Thu Jan 16 15:14:51 +05 2025: Изменений нет. Логи остаются локально.
Mon Jan 20 10:46:51 +05 2025: Brewfile обновлён.
Mon Jan 20 10:46:51 +05 2025: Обнаружены изменения. Начинаем обработку...
Mon Jan 20 10:46:54 +05 2025: Изменения и логи успешно отправлены.
Mon Jan 20 11:28:33 +05 2025: Brewfile обновлён.
Mon Jan 20 11:28:33 +05 2025: Изменений нет. Логи остаются локально.
Tue Jan 21 10:37:19 +05 2025: Brewfile обновлён.
Tue Jan 21 10:37:19 +05 2025: Изменений нет. Логи остаются локально.
Thu Jan 23 13:23:47 +05 2025: Brewfile обновлён.
Thu Jan 23 13:23:47 +05 2025: Изменений нет. Логи остаются локально.
Sun Jan 26 07:20:55 +05 2025: Brewfile обновлён.
Sun Jan 26 07:20:55 +05 2025: Изменений нет. Логи остаются локально.
Sun Jan 26 12:52:11 +05 2025: Brewfile обновлён.
Sun Jan 26 12:52:12 +05 2025: Изменений нет. Логи остаются локально.
Sun Jan 26 13:18:49 +05 2025: Brewfile обновлён.
Sun Jan 26 13:18:49 +05 2025: Изменений нет. Логи остаются локально.
Wed Jan 29 10:46:59 +05 2025: Brewfile обновлён.
Wed Jan 29 10:47:08 +05 2025: Обнаружены изменения. Начинаем обработку...
Wed Jan 29 10:47:35 +05 2025: Изменения и логи успешно отправлены.
Wed Jan 29 10:49:49 +05 2025: Brewfile обновлён.
Wed Jan 29 10:49:49 +05 2025: Изменений нет. Логи остаются локально.
Tue Feb  4 06:49:45 +05 2025: Brewfile обновлён.
Tue Feb  4 06:49:45 +05 2025: Обнаружены изменения. Начинаем обработку...
Tue Feb  4 06:49:45 +05 2025: Неизвестный файл или папка: y. Пропускаем.
Tue Feb  4 06:49:45 +05 2025: Неизвестный файл или папка: y.pub. Пропускаем.
Tue Feb  4 06:49:46 +05 2025: Изменения и логи успешно отправлены.
Wed Feb 12 17:22:55 +05 2025: Brewfile обновлён.
Wed Feb 12 17:22:55 +05 2025: Обнаружены изменения. Начинаем обработку...
Wed Feb 12 17:22:55 +05 2025: Неизвестный файл или папка: y. Пропускаем.
Wed Feb 12 17:22:55 +05 2025: Неизвестный файл или папка: y.pub. Пропускаем.
Wed Feb 12 17:22:57 +05 2025: Изменения и логи успешно отправлены.
Wed Feb 12 17:35:28 +05 2025: Brewfile обновлён.
Wed Feb 12 17:35:28 +05 2025: Обнаружены изменения. Начинаем обработку...
Wed Feb 12 17:35:28 +05 2025: Неизвестный файл или папка: y. Пропускаем.
Wed Feb 12 17:35:28 +05 2025: Неизвестный файл или папка: y.pub. Пропускаем.
Wed Feb 12 17:35:28 +05 2025: Изменения и логи успешно отправлены.
Wed Feb 12 18:04:22 +05 2025: Brewfile обновлён.
Wed Feb 12 18:04:22 +05 2025: Обнаружены изменения. Начинаем обработку...
Wed Feb 12 18:04:22 +05 2025: Неизвестный файл или папка: y. Пропускаем.
Wed Feb 12 18:04:22 +05 2025: Неизвестный файл или папка: y.pub. Пропускаем.
Wed Feb 12 18:04:23 +05 2025: Изменения и логи успешно отправлены.
Wed Feb 12 23:55:40 +05 2025: Brewfile обновлён.
Wed Feb 12 23:55:40 +05 2025: Обнаружены изменения. Начинаем обработку...
Wed Feb 12 23:55:40 +05 2025: Неизвестный файл или папка: y. Пропускаем.
Wed Feb 12 23:55:40 +05 2025: Неизвестный файл или папка: y.pub. Пропускаем.
Wed Feb 12 23:55:41 +05 2025: Изменения и логи успешно отправлены.
Thu Feb 13 14:40:43 +05 2025: Brewfile обновлён.
Thu Feb 13 14:40:43 +05 2025: Обнаружены изменения. Начинаем обработку...
Thu Feb 13 14:40:43 +05 2025: Неизвестный файл или папка: y. Пропускаем.
Thu Feb 13 14:40:43 +05 2025: Неизвестный файл или папка: y.pub. Пропускаем.
Thu Feb 13 14:40:44 +05 2025: Изменения и логи успешно отправлены.
Thu Feb 13 22:35:27 +05 2025: Brewfile обновлён.
Thu Feb 13 22:35:27 +05 2025: Обнаружены изменения. Начинаем обработку...
Thu Feb 13 22:35:27 +05 2025: Неизвестный файл или папка: y. Пропускаем.
Thu Feb 13 22:35:27 +05 2025: Неизвестный файл или папка: y.pub. Пропускаем.
Thu Feb 13 22:35:28 +05 2025: Изменения и логи успешно отправлены.
Fri Feb 14 00:52:35 +05 2025: Brewfile обновлён.
Fri Feb 14 00:52:35 +05 2025: Обнаружены изменения. Начинаем обработку...
Fri Feb 14 00:52:35 +05 2025: Неизвестный файл или папка: y. Пропускаем.
Fri Feb 14 00:52:35 +05 2025: Неизвестный файл или папка: y.pub. Пропускаем.
Fri Feb 14 00:52:36 +05 2025: Изменения и логи успешно отправлены.
Sat Feb 15 09:11:25 +05 2025: Brewfile обновлён.
Sat Feb 15 09:11:25 +05 2025: Обнаружены изменения. Начинаем обработку...
Sat Feb 15 09:11:25 +05 2025: Неизвестный файл или папка: y. Пропускаем.
Sat Feb 15 09:11:25 +05 2025: Неизвестный файл или папка: y.pub. Пропускаем.
Sat Feb 15 09:11:26 +05 2025: Изменения и логи успешно отправлены.
Sun Feb 16 01:48:34 +05 2025: Brewfile обновлён.
Sun Feb 16 01:48:34 +05 2025: Обнаружены изменения. Начинаем обработку...
Sun Feb 16 01:48:35 +05 2025: Неизвестный файл или папка: y. Пропускаем.
Sun Feb 16 01:48:35 +05 2025: Неизвестный файл или папка: y.pub. Пропускаем.
Sun Feb 16 01:48:35 +05 2025: Изменения и логи успешно отправлены.
Sun Feb 16 07:40:08 +05 2025: Brewfile обновлён.
Sun Feb 16 07:40:08 +05 2025: Обнаружены изменения. Начинаем обработку...
Sun Feb 16 07:40:08 +05 2025: Неизвестный файл или папка: y. Пропускаем.
Sun Feb 16 07:40:08 +05 2025: Неизвестный файл или папка: y.pub. Пропускаем.
Sun Feb 16 07:40:09 +05 2025: Изменения и логи успешно отправлены.
Sun Feb 16 14:31:13 +05 2025: Brewfile обновлён.
Sun Feb 16 14:31:13 +05 2025: Обнаружены изменения. Начинаем обработку...
Sun Feb 16 14:31:13 +05 2025: Неизвестный файл или папка: y. Пропускаем.
Sun Feb 16 14:31:13 +05 2025: Неизвестный файл или папка: y.pub. Пропускаем.
Sun Feb 16 14:31:14 +05 2025: Изменения и логи успешно отправлены.
Mon Feb 17 07:25:55 +05 2025: Brewfile обновлён.
Mon Feb 17 07:25:55 +05 2025: Обнаружены изменения. Начинаем обработку...
Mon Feb 17 07:25:55 +05 2025: Неизвестный файл или папка: y. Пропускаем.
Mon Feb 17 07:25:55 +05 2025: Неизвестный файл или папка: y.pub. Пропускаем.
Mon Feb 17 07:25:56 +05 2025: Изменения и логи успешно отправлены.
Tue Feb 18 16:36:59 +05 2025: Brewfile обновлён.
Tue Feb 18 16:36:59 +05 2025: Обнаружены изменения. Начинаем обработку...
Tue Feb 18 16:36:59 +05 2025: Неизвестный файл или папка: y. Пропускаем.
Tue Feb 18 16:36:59 +05 2025: Неизвестный файл или папка: y.pub. Пропускаем.
Tue Feb 18 16:37:00 +05 2025: Изменения и логи успешно отправлены.
Tue Feb 18 21:54:07 +05 2025: Brewfile обновлён.
Tue Feb 18 21:54:07 +05 2025: Обнаружены изменения. Начинаем обработку...
Tue Feb 18 21:54:07 +05 2025: Неизвестный файл или папка: y. Пропускаем.
Tue Feb 18 21:54:07 +05 2025: Неизвестный файл или папка: y.pub. Пропускаем.
Tue Feb 18 21:54:09 +05 2025: Изменения и логи успешно отправлены.
Wed Feb 19 16:19:33 +05 2025: Brewfile обновлён.
Wed Feb 19 16:19:33 +05 2025: Обнаружены изменения. Начинаем обработку...
Wed Feb 19 16:19:33 +05 2025: Неизвестный файл или папка: y. Пропускаем.
Wed Feb 19 16:19:33 +05 2025: Неизвестный файл или папка: y.pub. Пропускаем.
Wed Feb 19 16:19:34 +05 2025: Изменения и логи успешно отправлены.
Thu Feb 20 05:04:10 +05 2025: Brewfile обновлён.
Thu Feb 20 05:04:10 +05 2025: Обнаружены изменения. Начинаем обработку...
Thu Feb 20 05:04:10 +05 2025: Неизвестный файл или папка: y. Пропускаем.
Thu Feb 20 05:04:10 +05 2025: Неизвестный файл или папка: y.pub. Пропускаем.
Thu Feb 20 05:04:12 +05 2025: Изменения и логи успешно отправлены.
Thu Feb 20 05:11:42 +05 2025: Brewfile обновлён.
Thu Feb 20 05:11:42 +05 2025: Обнаружены изменения. Начинаем обработку...
Thu Feb 20 05:11:42 +05 2025: Неизвестный файл или папка: y. Пропускаем.
Thu Feb 20 05:11:42 +05 2025: Неизвестный файл или папка: y.pub. Пропускаем.
Thu Feb 20 05:11:42 +05 2025: Изменения и логи успешно отправлены.
Wed Feb 26 04:12:56 +05 2025: Brewfile обновлён.
Wed Feb 26 04:12:56 +05 2025: Обнаружены изменения. Начинаем обработку...
Wed Feb 26 04:12:56 +05 2025: Неизвестный файл или папка: y. Пропускаем.
Wed Feb 26 04:12:56 +05 2025: Неизвестный файл или папка: y.pub. Пропускаем.
Wed Feb 26 04:12:56 +05 2025: Изменения и логи успешно отправлены.
Wed Feb 26 15:31:13 +05 2025: Brewfile обновлён.
Wed Feb 26 15:31:13 +05 2025: Обнаружены изменения. Начинаем обработку...
Wed Feb 26 15:31:13 +05 2025: Неизвестный файл или папка: y. Пропускаем.
Wed Feb 26 15:31:13 +05 2025: Неизвестный файл или папка: y.pub. Пропускаем.
Wed Feb 26 15:31:14 +05 2025: Изменения и логи успешно отправлены.
